TN:
SF:app.js
FN:20,(anonymous_0)
FN:24,(anonymous_1)
FN:39,(anonymous_2)
FNF:3
FNH:2
FNDA:0,(anonymous_0)
FNDA:21,(anonymous_1)
FNDA:1,(anonymous_2)
DA:1,1
DA:2,1
DA:3,1
DA:4,1
DA:5,1
DA:6,1
DA:7,1
DA:9,1
DA:10,1
DA:11,1
DA:12,1
DA:14,1
DA:17,1
DA:18,1
DA:20,1
DA:21,0
DA:24,1
DA:25,21
DA:27,21
DA:28,21
DA:32,0
DA:38,1
DA:39,1
DA:40,1
DA:42,1
LF:25
LH:23
BRDA:17,0,0,1
BRDA:17,0,1,0
BRDA:27,1,0,21
BRDA:27,1,1,0
BRDA:28,2,0,21
BRDA:28,2,1,0
BRDA:38,3,0,1
BRDA:38,3,1,0
BRF:8
BRH:4
end_of_record
TN:
SF:db.js
FN:3,(anonymous_0)
FNF:1
FNH:1
FNDA:3,(anonymous_0)
DA:1,1
DA:3,1
DA:4,3
DA:5,3
DA:10,2
DA:12,1
DA:13,1
DA:17,1
LF:8
LH:8
BRF:0
BRH:0
end_of_record
TN:
SF:Controllers\authController.js
FN:6,(anonymous_0)
FN:19,(anonymous_1)
FNF:2
FNH:2
FNDA:4,(anonymous_0)
FNDA:7,(anonymous_1)
DA:1,1
DA:2,1
DA:3,1
DA:4,1
DA:6,1
DA:7,4
DA:8,4
DA:9,4
DA:10,4
DA:11,3
DA:12,3
DA:13,2
DA:15,1
DA:19,1
DA:20,7
DA:21,7
DA:22,7
DA:23,6
DA:25,5
DA:26,5
DA:28,4
DA:31,4
DA:33,1
LF:23
LH:23
BRDA:10,0,0,1
BRDA:10,0,1,3
BRDA:23,1,0,1
BRDA:23,1,1,5
BRDA:26,2,0,1
BRDA:26,2,1,4
BRF:6
BRH:6
end_of_record
TN:
SF:Controllers\taskController.js
FN:3,(anonymous_0)
FN:20,(anonymous_1)
FN:30,(anonymous_2)
FN:44,(anonymous_3)
FNF:4
FNH:4
FNDA:3,(anonymous_0)
FNDA:2,(anonymous_1)
FNDA:4,(anonymous_2)
FNDA:3,(anonymous_3)
DA:1,1
DA:2,1
DA:3,1
DA:4,3
DA:5,3
DA:6,3
DA:13,3
DA:14,2
DA:16,1
DA:20,1
DA:21,2
DA:22,2
DA:24,1
DA:26,1
DA:30,1
DA:31,4
DA:32,4
DA:37,3
DA:38,2
DA:40,1
DA:44,1
DA:45,3
DA:46,3
DA:50,2
DA:52,1
DA:54,1
LF:26
LH:26
BRDA:37,0,0,1
BRDA:37,0,1,2
BRDA:50,1,0,1
BRDA:50,1,1,1
BRF:4
BRH:4
end_of_record
TN:
SF:Middlewares\authMiddleware.js
FN:3,(anonymous_0)
FNF:1
FNH:1
FNDA:17,(anonymous_0)
DA:1,1
DA:2,1
DA:3,1
DA:4,17
DA:5,17
DA:6,17
DA:7,17
DA:8,17
DA:10,0
DA:11,0
LF:10
LH:8
BRF:0
BRH:0
end_of_record
TN:
SF:Middlewares\validations\authValidation.js
FNF:0
FNH:0
DA:1,1
DA:3,1
DA:24,1
LF:3
LH:3
BRF:0
BRH:0
end_of_record
TN:
SF:Middlewares\validations\taskValidations.js
FNF:0
FNH:0
DA:1,1
DA:3,1
DA:20,1
LF:3
LH:3
BRF:0
BRH:0
end_of_record
TN:
SF:Middlewares\validations\validatorResult.js
FN:3,(anonymous_0)
FN:7,(anonymous_1)
FNF:2
FNH:2
FNDA:28,(anonymous_0)
FNDA:13,(anonymous_1)
DA:1,1
DA:2,1
DA:3,1
DA:4,28
DA:5,28
DA:6,10
DA:7,13
DA:10,10
DA:12,10
DA:13,18
LF:10
LH:10
BRDA:5,0,0,10
BRDA:5,0,1,18
BRF:2
BRH:2
end_of_record
TN:
SF:Models\TaskSchema.js
FNF:0
FNH:0
DA:1,1
DA:3,1
DA:22,1
LF:3
LH:3
BRF:0
BRH:0
end_of_record
TN:
SF:Models\UserSchema.js
FN:11,(anonymous_0)
FNF:1
FNH:1
FNDA:13,(anonymous_0)
DA:1,1
DA:2,1
DA:4,1
DA:11,1
DA:12,13
DA:13,12
DA:14,12
DA:17,1
LF:8
LH:8
BRDA:12,0,0,1
BRDA:12,0,1,12
BRF:2
BRH:2
end_of_record
TN:
SF:Routes\authRoutes.js
FNF:0
FNH:0
DA:1,1
DA:2,1
DA:3,1
DA:7,1
DA:8,1
DA:10,1
DA:11,1
DA:13,1
LF:8
LH:8
BRF:0
BRH:0
end_of_record
TN:
SF:Routes\routes.js
FNF:0
FNH:0
DA:1,1
DA:2,1
DA:3,1
DA:5,1
DA:7,1
DA:8,1
DA:10,1
LF:7
LH:7
BRF:0
BRH:0
end_of_record
TN:
SF:Routes\taskRoutes.js
FNF:0
FNH:0
DA:1,1
DA:7,1
DA:8,1
DA:9,1
DA:13,1
DA:15,1
DA:17,1
DA:24,1
DA:25,1
DA:32,1
DA:34,1
LF:11
LH:11
BRF:0
BRH:0
end_of_record
TN:
SF:Utils\AppError.js
FN:2,(anonymous_0)
FNF:1
FNH:1
FNDA:21,(anonymous_0)
DA:1,1
DA:3,21
DA:4,21
DA:5,21
DA:6,21
LF:5
LH:5
BRDA:4,0,0,21
BRDA:4,0,1,6
BRF:2
BRH:2
end_of_record
